<?xml version="1.0" encoding="UTF-8"?>
<!-- Generated by org.testng.reporters.JUnitReportReporter -->
<testsuite skipped="0" hostname="rajamama" name="testcases.Session" tests="1" failures="0" timestamp="18 Jul 2022 11:24:07 GMT" time="138.720" errors="0">
  <testcase name="doLogin" time="138.720" classname="testcases.Session"/>
</testsuite> <!-- testcases.Session -->
