<?xml version="1.0" encoding="UTF-8"?>
<!-- Generated by org.testng.reporters.JUnitReportReporter -->
<testsuite skipped="0" hostname="rajamama" name="testcases.PortifolioManagement" tests="1" failures="0" timestamp="18 Jul 2022 11:24:07 GMT" time="0.002" errors="0">
  <testcase name="createPortifolio" time="0.002" classname="testcases.PortifolioManagement"/>
</testsuite> <!-- testcases.PortifolioManagement -->
