<?xml version="1.0" encoding="UTF-8"?>
<!-- Generated by org.testng.reporters.JUnitReportReporter -->
<testsuite skipped="0" hostname="rajamama" name="testcases.Session" tests="1" failures="0" timestamp="16 Jul 2022 14:50:27 GMT" time="0.015" errors="0">
  <testcase name="doLogin" time="0.015" classname="testcases.Session"/>
</testsuite> <!-- testcases.Session -->
