<?xml version="1.0" encoding="UTF-8"?>
<!-- Generated by org.testng.reporters.JUnitReportReporter -->
<testsuite skipped="0" hostname="rajamama" name="project.NewTest1" tests="1" failures="0" timestamp="17 Jun 2022 14:25:51 GMT" time="0.016" errors="0">
  <testcase name="f" time="0.016" classname="project.NewTest1"/>
</testsuite> <!-- project.NewTest1 -->
