<?xml version="1.0" encoding="UTF-8"?>
<!-- Generated by org.testng.reporters.JUnitReportReporter -->
<testsuite skipped="0" hostname="rajamama" name="alertSwitching.AlertHandling" tests="1" failures="0" timestamp="14 Jul 2022 06:18:39 GMT" time="13.302" errors="0">
  <testcase name="f" time="13.302" classname="alertSwitching.AlertHandling"/>
</testsuite> <!-- alertSwitching.AlertHandling -->
