<?xml version="1.0" encoding="UTF-8"?>
<!-- Generated by org.testng.reporters.JUnitReportReporter -->
<testsuite skipped="0" hostname="rajamama" name="suiteB.TestB2" tests="1" failures="0" timestamp="20 Jun 2022 14:34:46 GMT" time="2.027" errors="0">
  <testcase name="f" time="2.027" classname="suiteB.TestB2"/>
</testsuite> <!-- suiteB.TestB2 -->
