<?xml version="1.0" encoding="UTF-8"?>
<!-- Generated by org.testng.reporters.JUnitReportReporter -->
<testsuite skipped="1" hostname="rajamama" name="project.NewTest2" tests="3" failures="0" timestamp="18 Jun 2022 07:35:03 GMT" time="0.037" errors="0">
  <testcase name="f" time="0.034" classname="project.NewTest2"/>
  <testcase name="z" time="0.003" classname="project.NewTest2"/>
  <testcase name="a" classname="project.NewTest2">
    <skipped/>
  </testcase> <!-- a -->
</testsuite> <!-- project.NewTest2 -->
