<?xml version="1.0" encoding="UTF-8"?>
<!-- Generated by org.testng.reporters.JUnitReportReporter -->
<testsuite skipped="0" hostname="rajamama" name="excelOperation.NewTest" tests="2" failures="0" timestamp="06 Jul 2022 05:38:15 GMT" time="0.018" errors="0">
  <testcase name="f" time="0.003" classname="excelOperation.NewTest"/>
  <testcase name="f" time="0.015" classname="excelOperation.NewTest"/>
</testsuite> <!-- excelOperation.NewTest -->
