<?xml version="1.0" encoding="UTF-8"?>
<!-- Generated by org.testng.reporters.JUnitReportReporter -->
<testsuite skipped="0" hostname="rajamama" name="project.TestParallel" tests="3" failures="0" timestamp="22 Jun 2022 12:01:29 GMT" time="0.081" errors="0">
  <testcase name="test2" time="0.027" classname="project.TestParallel"/>
  <testcase name="test3" time="0.027" classname="project.TestParallel"/>
  <testcase name="test1" time="0.027" classname="project.TestParallel"/>
</testsuite> <!-- project.TestParallel -->
