<?xml version="1.0" encoding="UTF-8"?>
<!-- Generated by org.testng.reporters.JUnitReportReporter -->
<testsuite skipped="0" hostname="rajamama" name="testcasses.Login" tests="1" failures="0" timestamp="28 Jun 2022 04:57:11 GMT" time="0.010" errors="0">
  <testcase name="login" time="0.010" classname="testcasses.Login"/>
</testsuite> <!-- testcasses.Login -->
