<?xml version="1.0" encoding="UTF-8"?>
<!-- Generated by org.testng.reporters.JUnitReportReporter -->
<testsuite skipped="0" hostname="rajamama" name="testcasses.CustomerComunication" tests="2" failures="0" timestamp="29 Jun 2022 02:46:47 GMT" time="0.002" errors="0">
  <testcase name="checkEmailVarification" time="0.001" classname="testcasses.CustomerComunication"/>
  <testcase name="checkMobileVarification" time="0.001" classname="testcasses.CustomerComunication"/>
</testsuite> <!-- testcasses.CustomerComunication -->
