<?xml version="1.0" encoding="UTF-8"?>
<!-- Generated by org.testng.reporters.JUnitReportReporter -->
<testsuite skipped="0" hostname="rajamama" name="testcasses.PaymentManager" tests="2" failures="0" timestamp="29 Jun 2022 02:46:47 GMT" time="0.001" errors="0">
  <testcase name="makePayment" time="0.001" classname="testcasses.PaymentManager"/>
  <testcase name="applyDiscount" time="0.000" classname="testcasses.PaymentManager"/>
</testsuite> <!-- testcasses.PaymentManager -->
