<?xml version="1.0" encoding="UTF-8"?>
<!-- Generated by org.testng.reporters.JUnitReportReporter -->
<testsuite skipped="0" hostname="rajamama" name="testcasses.BookingSearch" tests="3" failures="0" timestamp="29 Jun 2022 02:46:47 GMT" time="0.018" errors="0">
  <testcase name="selectHotel" time="0.001" classname="testcasses.BookingSearch"/>
  <testcase name="searchHotel" time="0.017" classname="testcasses.BookingSearch"/>
  <testcase name="enterGuestInfo" time="0.000" classname="testcasses.BookingSearch"/>
</testsuite> <!-- testcasses.BookingSearch -->
